[2016-04-04 22:57:47] START
[2016-04-04 22:58:22] EDIT init/views/default/index.html: -47
[2016-04-04 22:58:41] EDIT init/views/default/index.html: -1
[2016-04-04 22:59:30] EDIT init/models/menu.py: 0
[2016-04-04 23:00:01] EDIT init/models/menu.py: -2
[2016-04-04 23:00:28] EDIT init/models/menu.py: -101
[2016-04-04 23:05:23] EDIT init/models/db.py: 1
[2016-04-04 23:05:37] EDIT init/models/db.py: 0
[2016-04-04 23:06:33] EDIT init/models/db.py: 0
[2016-04-04 23:08:31] EDIT init/controllers/default.py: 17
[2016-04-04 23:08:43] EDIT init/controllers/default.py: 0
[2016-04-04 23:31:59] EDIT init/controllers/default.py: 2
[2016-04-04 23:32:05] EDIT init/controllers/default.py: 0
[2016-04-04 23:52:41] EDIT init/models/db.py: 1
[2016-04-04 23:53:04] EDIT init/models/db.py: 0
[2016-04-04 23:58:55] EDIT init/models/db.py: -1
[2016-04-05 00:02:20] EDIT init/controllers/default.py: 0
[2016-04-05 00:07:07] EDIT init/models/db.py: 1
[2016-04-05 00:10:16] EDIT init/models/db.py: -1
[2016-04-05 00:10:21] EDIT init/models/db.py: 0
[2016-04-05 00:14:32] EDIT init/controllers/default.py: -7
[2016-04-05 00:14:48] EDIT init/controllers/default.py: 0
[2016-04-05 00:15:44] EDIT init/models/db.py: 1
[2016-04-05 00:17:10] EDIT init/controllers/default.py: 3
[2016-04-05 00:17:35] EDIT init/controllers/default.py: 1
[2016-04-05 00:18:45] EDIT init/controllers/default.py: 1
[2016-04-05 00:18:53] EDIT init/controllers/default.py: 1
[2016-04-05 00:19:13] EDIT init/models/db.py: 0
[2016-04-05 00:19:35] EDIT init/controllers/default.py: 0
[2016-04-05 00:22:43] EDIT init/controllers/default.py: 1
[2016-04-05 00:22:49] EDIT init/controllers/default.py: 0
[2016-04-05 00:23:03] EDIT init/controllers/default.py: 0
[2016-04-05 00:23:16] EDIT init/views/default/index.html: 1
[2016-04-05 00:23:54] EDIT init/controllers/default.py: 0
[2016-04-05 00:24:13] EDIT init/controllers/default.py: 0
[2016-04-05 00:24:43] EDIT init/controllers/default.py: 0
[2016-04-05 00:25:01] EDIT init/controllers/default.py: 0
[2016-04-05 00:25:42] EDIT init/controllers/default.py: 0
[2016-04-05 00:26:22] EDIT init/controllers/default.py: 1
[2016-04-05 00:28:16] EDIT init/controllers/default.py: 1
[2016-04-05 00:28:24] EDIT init/views/default/index.html: 1
[2016-04-05 00:28:43] EDIT init/views/default/index.html: 0
[2016-04-05 00:30:18] EDIT init/views/default/index.html: 1
[2016-04-05 00:30:50] EDIT init/views/default/index.html: 0
[2016-04-05 00:39:04] EDIT init/views/default/index.html: 0
[2016-04-05 00:41:22] EDIT init/views/default/index.html: 1
[2016-04-05 00:43:19] EDIT init/views/default/index.html: 98
[2016-04-05 00:46:18] EDIT init/views/default/index.html: -69
[2016-04-05 00:47:54] EDIT init/views/default/index.html: -29
[2016-04-05 00:48:08] EDIT init/views/default/index.html: 2
[2016-04-05 00:48:57] EDIT init/modules/centralityMetrics.py: 0
[2016-04-05 00:49:10] EDIT init/modules/centralityMetrics.py: 0
[2016-04-05 00:50:18] EDIT init/views/default/index.html: 22
[2016-04-05 00:50:32] EDIT init/views/default/index.html: 1
[2016-04-05 00:50:45] EDIT init/views/default/index.html: 1
[2016-04-05 00:51:07] EDIT init/views/default/index.html: 0
[2016-04-05 00:52:39] EDIT init/views/default/index.html: 0
[2016-04-05 00:52:41] EDIT init/views/default/index.html: 0
[2016-04-05 00:52:44] EDIT init/views/default/index.html: 0
[2016-04-05 00:53:42] EDIT init/views/default/index.html: 1
[2016-04-05 00:55:05] EDIT init/views/default/index.html: -11
[2016-04-05 00:58:28] EDIT init/views/default/index.html: 0
[2016-04-05 00:59:24] EDIT init/views/default/index.html: 0
[2016-04-05 01:00:23] EDIT init/views/default/index.html: 0
[2016-04-05 01:00:46] EDIT init/views/default/index.html: 0
[2016-04-05 01:02:39] EDIT init/modules/centralityMetrics.py: 0
[2016-04-05 01:06:59] EDIT init/modules/centralityMetrics.py: 0
[2016-04-05 01:10:12] EDIT init/views/default/index.html: 0
[2016-04-05 01:11:16] EDIT init/views/default/index.html: 0
[2016-04-05 01:13:09] EDIT init/models/db.py: 0
[2016-04-05 01:22:04] EDIT init/controllers/default.py: 2
[2016-04-05 01:22:17] EDIT init/controllers/default.py: 0
[2016-04-05 01:22:42] EDIT init/controllers/default.py: 0
[2016-04-05 01:23:28] EDIT init/controllers/default.py: 0
[2016-04-05 01:23:40] EDIT init/controllers/default.py: 0
[2016-04-05 01:24:18] EDIT init/controllers/default.py: 0
[2016-04-05 01:24:36] EDIT init/controllers/default.py: 0
[2016-04-05 01:25:07] EDIT init/controllers/default.py: 0
[2016-04-05 01:25:52] EDIT init/controllers/default.py: 0
[2016-04-05 01:26:01] EDIT init/controllers/default.py: 0
[2016-04-05 01:26:50] EDIT init/modules/centralityMetrics.py: 0
[2016-04-05 01:26:52] EDIT init/modules/centralityMetrics.py: 0
[2016-04-05 01:26:55] EDIT init/modules/centralityMetrics.py: 0
[2016-04-05 01:27:11] EDIT init/controllers/default.py: 0
[2016-04-05 01:27:20] EDIT init/controllers/default.py: 0
[2016-04-05 01:27:37] EDIT init/controllers/default.py: 0
[2016-04-05 01:27:51] EDIT init/controllers/default.py: 0
[2016-04-05 01:27:58] EDIT init/views/default/index.html: 0
[2016-04-05 01:28:21] EDIT init/modules/centralityMetrics.py: 0
[2016-04-05 01:28:27] EDIT init/controllers/default.py: 0
[2016-04-05 01:29:24] EDIT init/controllers/default.py: 1
